[
    {
        "last_time_unreachable": "0",
        "check_command": "mastermonsvr_check-host-alive!",
        "active_checks_enabled": "1",
        "process_performance_data": "1",
        "last_state_change": "1246333387",
        "last_event_id": "0",
        "problem_has_been_acknowledged": "0",
        "current_notification_number": "0",
        "last_problem_id": "0",
        "next_check": "1246613701",
        "check_execution_time": "0.394",
        "check_options": "0",
        "last_notification": "0",
        "check_latency": "0.212",
        "check_type": "0",
        "check_period": "mastermonsvr_24x7",
        "passive_checks_enabled": "1",
        "current_attempt": "1",
        "last_hard_state_change": "1246333387",
        "last_time_up": "1246613401",
        "last_hard_state": "0",
        "failure_prediction_enabled": "1",
        "percent_state_change": "0.00",
        "plugin_output": "PING OK - Packet loss = 0%, RTA = 0.90 ms",
        "last_update": "1246613626",
        "event_handler_enabled": "1",
        "current_notification_id": "0",
        "flap_detection_enabled": "1",
        "has_been_checked": "1",
        "current_event_id": "0",
        "notifications_enabled": "1",
        "event_handler": "",
        "last_check": "1246613396",
        "state_type": "1",
        "performance_data": "rta=0.904000ms;3000.000000;5000.000000;0.000000 pl=0%;80;100;0",
        "obsess_over_host": "1",
        "no_more_notifications": "0",
        "next_notification": "0",
        "scheduled_downtime_depth": "0",
        "should_be_scheduled": "1",
        "acknowledgement_type": "0",
        "current_state": "0",
        "last_time_down": "0",
        "retry_interval": "1.000000",
        "modified_attributes": "0",
        "notification_period": "mastermonsvr_business hours 8x5",
        "current_problem_id": "0",
        "host_name": "sample_host_05",
        "check_interval": "5.000000",
        "is_flapping": "0",
        "max_attempts": "10",
        "long_plugin_output": ""
    },
    {
        "check_command": "mastermonsvr_check_ping!100.0,20%!500.0,60%",
        "active_checks_enabled": "1",
        "process_performance_data": "1",
        "last_state_change": "1246333447",
        "last_event_id": "0",
        "obsess_over_service": "1",
        "current_notification_number": "0",
        "last_problem_id": "0",
        "next_check": "1246613630",
        "last_time_critical": "0",
        "last_time_warning": "0",
        "check_execution_time": "4.316",
        "check_options": "0",
        "last_notification": "0",
        "check_latency": "0.316",
        "check_type": "0",
        "check_period": "mastermonsvr_24x7",
        "passive_checks_enabled": "1",
        "last_time_unknown": "0",
        "current_attempt": "1",
        "last_hard_state_change": "1246333447",
        "notification_period": "mastermonsvr_24x7",
        "last_hard_state": "0",
        "failure_prediction_enabled": "1",
        "percent_state_change": "0.00",
        "plugin_output": "PING OK - Packet loss = 0%, RTA = 0.57 ms",
        "last_update": "1246613626",
        "event_handler_enabled": "1",
        "current_notification_id": "0",
        "last_time_ok": "1246613570",
        "flap_detection_enabled": "1",
        "has_been_checked": "1",
        "current_event_id": "0",
        "notifications_enabled": "1",
        "event_handler": "",
        "last_check": "1246613570",
        "state_type": "1",
        "performance_data": "rta=0.572000ms;100.000000;500.000000;0.000000 pl=0%;20;60;0",
        "service_description": "sample_PING",
        "no_more_notifications": "0",
        "next_notification": "0",
        "problem_has_been_acknowledged": "0",
        "scheduled_downtime_depth": "0",
        "should_be_scheduled": "1",
        "acknowledgement_type": "0",
        "current_state": "0",
        "retry_interval": "1.000000",
        "modified_attributes": "0",
        "current_problem_id": "0",
        "host_name": "sample_host_05",
        "check_interval": "1.000000",
        "is_flapping": "0",
        "max_attempts": "3",
        "long_plugin_output": ""
    }
]